<?xml version="1.0" encoding="UTF-8"?>
<!-- Generated by org.testng.reporters.JUnitXMLReporter -->
<testsuite ignored="2" hostname="DESKTOP-JMG9RLO" failures="0" tests="1" name="Test" time="9.116" errors="0" timestamp="28 Jul 2020 01:18:02 GMT">
  <testcase classname="pagestests.HomePageTests" name="scroll" time="2.066"/>
  <testcase classname="pagestests.HomePageTests" name="images" time="0.0">
    <ignored/>
  </testcase> <!-- images -->
  <testcase classname="pagestests.HomePageTests" name="kp" time="0.0">
    <ignored/>
  </testcase> <!-- kp -->
</testsuite> <!-- Test -->
