<?xml version="1.0" encoding="UTF-8"?>
<testng-results ignored="2" total="3" passed="1" failed="0" skipped="0">
  <reporter-output>
  </reporter-output>
  <suite started-at="2020-07-28T01:17:53Z" name="Suite" finished-at="2020-07-28T01:18:02Z" duration-ms="9116">
    <groups>
    </groups>
    <test started-at="2020-07-28T01:17:53Z" name="Test" finished-at="2020-07-28T01:18:02Z" duration-ms="9116">
      <class name="pagestests.HomePageTests">
        <test-method is-config="true" signature="setUp()[pri:0, instance:pagestests.HomePageTests@44be0077]" started-at="2020-07-28T01:17:53Z" name="setUp" finished-at="2020-07-28T01:17:59Z" duration-ms="6391" status="PASS">
          <reporter-output>
          </reporter-output>
        </test-method> <!-- setUp -->
        <test-method signature="scroll()[pri:0, instance:pagestests.HomePageTests@44be0077]" started-at="2020-07-28T01:17:59Z" name="scroll" finished-at="2020-07-28T01:18:01Z" duration-ms="2066" status="PASS">
          <reporter-output>
          </reporter-output>
        </test-method> <!-- scroll -->
        <test-method is-config="true" signature="tearDown()[pri:0, instance:pagestests.HomePageTests@44be0077]" started-at="2020-07-28T01:18:01Z" name="tearDown" finished-at="2020-07-28T01:18:02Z" duration-ms="628" status="PASS">
          <reporter-output>
          </reporter-output>
        </test-method> <!-- tearDown -->
      </class> <!-- pagestests.HomePageTests -->
    </test> <!-- Test -->
  </suite> <!-- Suite -->
</testng-results>
