<?xml version="1.0" encoding="UTF-8"?>
<testng-results ignored="2" total="3" passed="1" failed="0" skipped="0">
  <reporter-output>
  </reporter-output>
  <suite started-at="2020-07-28T00:10:52Z" name="Default suite" finished-at="2020-07-28T00:11:03Z" duration-ms="11557">
    <groups>
    </groups>
    <test started-at="2020-07-28T00:10:52Z" name="Default test" finished-at="2020-07-28T00:11:03Z" duration-ms="11557">
      <class name="pagestests.HomePageTests">
        <test-method is-config="true" signature="setUp()[pri:0, instance:pagestests.HomePageTests@6c40365c]" started-at="2020-07-28T00:10:52Z" name="setUp" finished-at="2020-07-28T00:11:00Z" duration-ms="8773" status="PASS">
          <reporter-output>
          </reporter-output>
        </test-method> <!-- setUp -->
        <test-method signature="scroll()[pri:0, instance:pagestests.HomePageTests@6c40365c]" started-at="2020-07-28T00:11:00Z" name="scroll" finished-at="2020-07-28T00:11:02Z" duration-ms="1967" status="PASS">
          <reporter-output>
          </reporter-output>
        </test-method> <!-- scroll -->
        <test-method is-config="true" signature="tearDown()[pri:0, instance:pagestests.HomePageTests@6c40365c]" started-at="2020-07-28T00:11:02Z" name="tearDown" finished-at="2020-07-28T00:11:03Z" duration-ms="755" status="PASS">
          <reporter-output>
          </reporter-output>
        </test-method> <!-- tearDown -->
      </class> <!-- pagestests.HomePageTests -->
    </test> <!-- Default test -->
  </suite> <!-- Default suite -->
</testng-results>
